<?xml version="1.0" encoding="UTF-8"?>
<testng-results ignored="0" total="1" passed="1" failed="0" skipped="0">
  <reporter-output>
  </reporter-output>
  <suite started-at="2021-02-21T21:22:19Z" name="Default suite" finished-at="2021-02-21T21:22:53Z" duration-ms="34056">
    <groups>
    </groups>
    <test started-at="2021-02-21T21:22:19Z" name="Default test" finished-at="2021-02-21T21:22:53Z" duration-ms="34056">
      <class name="com.ecom.flipkart.featuretest.FlipKartIphoneTest">
        <test-method is-config="true" signature="configBC()[pri:0, instance:com.ecom.flipkart.featuretest.FlipKartIphoneTest@3571b748]" started-at="2021-02-21T21:22:19Z" name="configBC" finished-at="2021-02-21T21:22:38Z" duration-ms="19354" status="PASS">
          <reporter-output>
          </reporter-output>
        </test-method> <!-- configBC -->
        <test-method signature="iphoneTest()[pri:0, instance:com.ecom.flipkart.featuretest.FlipKartIphoneTest@3571b748]" started-at="2021-02-21T21:22:38Z" name="iphoneTest" finished-at="2021-02-21T21:22:52Z" duration-ms="14299" status="PASS">
          <reporter-output>
          </reporter-output>
        </test-method> <!-- iphoneTest -->
        <test-method is-config="true" signature="configAC()[pri:0, instance:com.ecom.flipkart.featuretest.FlipKartIphoneTest@3571b748]" started-at="2021-02-21T21:22:52Z" name="configAC" finished-at="2021-02-21T21:22:53Z" duration-ms="341" status="PASS">
          <reporter-output>
          </reporter-output>
        </test-method> <!-- configAC -->
      </class> <!-- com.ecom.flipkart.featuretest.FlipKartIphoneTest -->
    </test> <!-- Default test -->
  </suite> <!-- Default suite -->
</testng-results>
